
CONNECTION ACQUIRED
connection acquired at: 2023-06-02 19:11:09
monitoring started at: 2023-06-02 19:11:09

CONNECTION ACQUIRED
connection acquired at: 2023-06-02 19:13:39
monitoring started at: 2023-06-02 19:13:39

CONNECTION NOT ACQUIRED

CONNECTION ACQUIRED
connection acquired at: 2023-06-02 19:15:00
monitoring started at: 2023-06-02 19:14:59
disconnected at: 2023-06-02 19:15:25
connected again: 2023-06-02 19:15:34
connection was unavailable for: 0:00:09
disconnected at: 2023-06-02 19:15:45
connected again: 2023-06-02 19:15:51
connection was unavailable for: 0:00:06

CONNECTION ACQUIRED
connection acquired at: 2023-06-02 19:30:59
monitoring started at: 2023-06-02 19:30:59
disconnected at: 2023-06-03 01:44:23
connected again: 2023-06-03 01:44:24
connection was unavailable for: 0:00:01
disconnected at: 2023-06-03 05:14:15
connected again: 2023-06-03 05:14:25
connection was unavailable for: 0:00:09
disconnected at: 2023-06-03 05:14:54
connected again: 2023-06-03 05:14:54
connection was unavailable for: 0:00:00
